<?xml version="1.0" encoding="UTF-8" ?>
<testsuite tests="0" failures="0" name="DataDriven.DataDriven_FW.base.BaseTest" time="0" errors="0" skipped="0">
  <properties>
    <property name="java.runtime.name" value="Java(TM) SE Runtime Environment"/>
    <property name="sun.boot.library.path" value="X:\Program Files\Java\jdk1.8.0_144\jre\bin"/>
    <property name="java.vm.version" value="25.144-b01"/>
    <property name="java.vm.vendor" value="Oracle Corporation"/>
    <property name="maven.multiModuleProjectDirectory" value="X:\Users\cnaik\Documents\Personal\DataDriven_FW"/>
    <property name="java.vendor.url" value="http://java.oracle.com/"/>
    <property name="path.separator" value=";"/>
    <property name="guice.disable.misplaced.annotation.check" value="true"/>
    <property name="java.vm.name" value="Java HotSpot(TM) 64-Bit Server VM"/>
    <property name="file.encoding.pkg" value="sun.io"/>
    <property name="user.script" value=""/>
    <property name="user.country" value="US"/>
    <property name="sun.java.launcher" value="SUN_STANDARD"/>
    <property name="sun.os.patch.level" value=""/>
    <property name="java.vm.specification.name" value="Java Virtual Machine Specification"/>
    <property name="user.dir" value="X:\Users\cnaik\Documents\Personal\DataDriven_FW"/>
    <property name="java.runtime.version" value="1.8.0_144-b01"/>
    <property name="java.awt.graphicsenv" value="sun.awt.Win32GraphicsEnvironment"/>
    <property name="java.endorsed.dirs" value="X:\Program Files\Java\jdk1.8.0_144\jre\lib\endorsed"/>
    <property name="os.arch" value="amd64"/>
    <property name="java.io.tmpdir" value="X:\Users\cnaik\AppData\Local\Temp\"/>
    <property name="line.separator" value="
"/>
    <property name="java.vm.specification.vendor" value="Oracle Corporation"/>
    <property name="user.variant" value=""/>
    <property name="os.name" value="Windows 10"/>
    <property name="classworlds.conf" value="X:\Users\cnaik\Documents\Personal\.metadata\.plugins\org.eclipse.m2e.launching\launches\m2conf3880138547880688348.tmp"/>
    <property name="sun.jnu.encoding" value="Cp1252"/>
    <property name="java.library.path" value="X:\Program Files\Java\jdk1.8.0_144\bin;X:\WINDOWS\Sun\Java\bin;X:\WINDOWS\system32;X:\WINDOWS;x:/Program Files/Java/jre1.8.0_144/bin/server;x:/Program Files/Java/jre1.8.0_144/bin;x:/Program Files/Java/jre1.8.0_144/lib/amd64;X:\ProgramData\Oracle\Java\javapath;X:\WINDOWS\system32;X:\WINDOWS;X:\WINDOWS\System32\Wbem;X:\WINDOWS\System32\WindowsPowerShell\v1.0\;X:\Program Files\Java\jdk1.8.0_144\bin;X:\Program Files\Java\jre1.8.0_144\bin;X:\Program Files (x86)\Skype\Phone\;X:\CREA\Pers\Automation\Jars\Browser jar\;X:\Users\cnaik\AppData\Local\Microsoft\WindowsApps;;X:\WINDOWS\system32;;."/>
    <property name="java.specification.name" value="Java Platform API Specification"/>
    <property name="java.class.version" value="52.0"/>
    <property name="sun.management.compiler" value="HotSpot 64-Bit Tiered Compilers"/>
    <property name="os.version" value="10.0"/>
    <property name="user.home" value="X:\Users\cnaik"/>
    <property name="user.timezone" value="America/New_York"/>
    <property name="java.awt.printerjob" value="sun.awt.windows.WPrinterJob"/>
    <property name="java.specification.version" value="1.8"/>
    <property name="file.encoding" value="Cp1252"/>
    <property name="user.name" value="cnaik"/>
    <property name="java.class.path" value="/X:/Users/cnaik/eclipse/jee-oxygen/eclipse/../../../.p2/pool/plugins/org.eclipse.m2e.maven.runtime_1.8.0.20170516-2042/jars/plexus-classworlds-2.5.2.jar"/>
    <property name="java.vm.specification.version" value="1.8"/>
    <property name="sun.arch.data.model" value="64"/>
    <property name="java.home" value="X:\Program Files\Java\jdk1.8.0_144\jre"/>
    <property name="sun.java.command" value="org.codehaus.plexus.classworlds.launcher.Launcher -B package"/>
    <property name="java.specification.vendor" value="Oracle Corporation"/>
    <property name="user.language" value="en"/>
    <property name="awt.toolkit" value="sun.awt.windows.WToolkit"/>
    <property name="java.vm.info" value="mixed mode"/>
    <property name="java.version" value="1.8.0_144"/>
    <property name="java.ext.dirs" value="X:\Program Files\Java\jdk1.8.0_144\jre\lib\ext;X:\WINDOWS\Sun\Java\lib\ext"/>
    <property name="sun.boot.class.path" value="X:\Program Files\Java\jdk1.8.0_144\jre\lib\resources.jar;X:\Program Files\Java\jdk1.8.0_144\jre\lib\rt.jar;X:\Program Files\Java\jdk1.8.0_144\jre\lib\sunrsasign.jar;X:\Program Files\Java\jdk1.8.0_144\jre\lib\jsse.jar;X:\Program Files\Java\jdk1.8.0_144\jre\lib\jce.jar;X:\Program Files\Java\jdk1.8.0_144\jre\lib\charsets.jar;X:\Program Files\Java\jdk1.8.0_144\jre\lib\jfr.jar;X:\Program Files\Java\jdk1.8.0_144\jre\classes"/>
    <property name="java.vendor" value="Oracle Corporation"/>
    <property name="maven.home" value="X:\Users\cnaik\Documents\Personal\DataDriven_FW\EMBEDDED"/>
    <property name="file.separator" value="\"/>
    <property name="java.vendor.url.bug" value="http://bugreport.sun.com/bugreport/"/>
    <property name="sun.cpu.endian" value="little"/>
    <property name="sun.io.unicode.encoding" value="UnicodeLittle"/>
    <property name="sun.desktop" value="windows"/>
    <property name="sun.cpu.isalist" value="amd64"/>
  </properties>
</testsuite>