<?xml version="1.0" encoding="UTF-8"?>
<!-- Generated by org.testng.reporters.JUnitReportReporter -->
<testsuite hostname="CREA-PC212" name="DataDriven.DataDriven_FW.DummyTestB" tests="1" failures="0" timestamp="28 Mar 2018 03:54:08 GMT" time="6.222" errors="0">
  <testcase name="TestB" time="6.222" classname="DataDriven.DataDriven_FW.DummyTestB"/>
</testsuite> <!-- DataDriven.DataDriven_FW.DummyTestB -->
