<?xml version="1.0" encoding="UTF-8"?>
<!-- Generated by org.testng.reporters.JUnitReportReporter -->
<testsuite hostname="CREA-PC212" name="DataDriven.DataDriven_FW.DummyTestC" tests="1" failures="0" timestamp="28 Mar 2018 02:18:22 GMT" time="0.017" errors="0">
  <testcase name="TestC" time="0.017" classname="DataDriven.DataDriven_FW.DummyTestC"/>
</testsuite> <!-- DataDriven.DataDriven_FW.DummyTestC -->
