<?xml version="1.0" encoding="UTF-8"?>
<!-- Generated by org.testng.reporters.JUnitReportReporter -->
<testsuite hostname="CREA-PC212" name="DataDriven.DataDriven_FW.DummyTestA" tests="3" failures="0" timestamp="27 Mar 2018 00:42:28 GMT" time="6.673" errors="0">
  <testcase name="TestA1" time="6.664" classname="DataDriven.DataDriven_FW.DummyTestA"/>
  <testcase name="TestA2" time="0.004" classname="DataDriven.DataDriven_FW.DummyTestA"/>
  <testcase name="TestA3" time="0.005" classname="DataDriven.DataDriven_FW.DummyTestA"/>
</testsuite> <!-- DataDriven.DataDriven_FW.DummyTestA -->
